10:37:26 **** Incremental Build of configuration Debug for project practical1 ****
Info: Internal Builder is used for build
g++ -O0 -g3 -Wall -c -fmessage-length=0 -o "src\\practical1.o" "..\\src\\practical1.cpp" 
..\src\practical1.cpp: In function 'std::istream& operator>>(std::istream&, complex&)':
..\src\practical1.cpp:36:2: warning: no return statement in function returning non-void [-Wreturn-type]
  }
  ^
..\src\practical1.cpp: In function 'std::ostream& operator<<(std::ostream&, complex&)':
..\src\practical1.cpp:42:2: warning: no return statement in function returning non-void [-Wreturn-type]
  }
  ^
g++ -o practical1.exe "src\\practical1.o" 
10:37:31 **** Incremental Build of configuration Debug for project DSL7 ****
Info: Internal Builder is used for build
g++ -O0 -g3 -Wall -c -fmessage-length=0 -o "src\\DSL7.o" "..\\src\\DSL7.cpp" 
..\src\DSL7.cpp: In member function 'void cinemax::create_list()':
..\src\DSL7.cpp:29:5: warning: unused variable 'i' [-Wunused-variable]
 int i=1;
     ^
..\src\DSL7.cpp:35:5: warning: unused variable 'j' [-Wunused-variable]
 int j;
     ^
..\src\DSL7.cpp: In member function 'void cinemax::avail()':
..\src\DSL7.cpp:164:5: warning: unused variable 'r' [-Wunused-variable]
 int r=1;
     ^
g++ -o DSL7.exe "src\\DSL7.o" 
Info: Nothing to build for DSL7
Info: Nothing to build for practical1
Info: Nothing to build for practical1
